[0m14:28:38.181263 [debug] [MainThread]: Sending event: {'category': 'dbt', 'action': 'invocation', 'label': 'start', 'context': [<snowplow_tracker.self_describing_json.SelfDescribingJson object at 0x1070da2c0>, <snowplow_tracker.self_describing_json.SelfDescribingJson object at 0x1104c65c0>, <snowplow_tracker.self_describing_json.SelfDescribingJson object at 0x1104c6a40>]}


============================== 14:28:38.183479 | ce494d39-4f7c-4ce8-868b-437cd9026e64 ==============================
[0m14:28:38.183479 [info ] [MainThread]: Running with dbt=1.5.1
[0m14:28:38.183778 [debug] [MainThread]: running dbt with arguments {'printer_width': '80', 'indirect_selection': 'eager', 'log_cache_events': 'False', 'write_json': 'True', 'partial_parse': 'True', 'cache_selected_only': 'False', 'profiles_dir': '/Users/linhnguyen/.dbt', 'version_check': 'True', 'debug': 'False', 'log_path': 'logs', 'fail_fast': 'False', 'warn_error': 'None', 'use_colors': 'True', 'use_experimental_parser': 'False', 'no_print': 'None', 'quiet': 'False', 'log_format': 'default', 'static_parser': 'True', 'warn_error_options': 'WarnErrorOptions(include=[], exclude=[])', 'introspect': 'True', 'target_path': 'None', 'send_anonymous_usage_stats': 'True'}
[0m14:28:38.184295 [debug] [MainThread]: Starter project path: /Library/Frameworks/Python.framework/Versions/3.10/lib/python3.10/site-packages/dbt/include/starter_project
[0m14:28:47.491476 [info ] [MainThread]: 
Your new dbt project "jaffle_shop" was created!

For more information on how to configure the profiles.yml file,
please consult the dbt documentation here:

  https://docs.getdbt.com/docs/configure-your-profile

One more thing:

Need help? Don't hesitate to reach out to us via GitHub issues or on Slack:

  https://community.getdbt.com/

Happy modeling!

[0m14:28:47.491977 [debug] [MainThread]: Command `dbt init` succeeded at 14:28:47.491880 after 9.33 seconds
[0m14:28:47.492238 [debug] [MainThread]: Sending event: {'category': 'dbt', 'action': 'invocation', 'label': 'end', 'context': [<snowplow_tracker.self_describing_json.SelfDescribingJson object at 0x1070da2c0>, <snowplow_tracker.self_describing_json.SelfDescribingJson object at 0x104a75ae0>, <snowplow_tracker.self_describing_json.SelfDescribingJson object at 0x1105606a0>]}
[0m14:28:47.492509 [debug] [MainThread]: Flushing usage events
[0m14:39:55.000983 [debug] [MainThread]: Sending event: {'category': 'dbt', 'action': 'invocation', 'label': 'start', 'context': [<snowplow_tracker.self_describing_json.SelfDescribingJson object at 0x104a0a2c0>, <snowplow_tracker.self_describing_json.SelfDescribingJson object at 0x105f3a5c0>, <snowplow_tracker.self_describing_json.SelfDescribingJson object at 0x105f3aa40>]}


============================== 14:39:55.003527 | 64e679f8-be3f-4b53-851a-d8dda71fbece ==============================
[0m14:39:55.003527 [info ] [MainThread]: Running with dbt=1.5.1
[0m14:39:55.003819 [debug] [MainThread]: running dbt with arguments {'printer_width': '80', 'indirect_selection': 'eager', 'write_json': 'True', 'log_cache_events': 'False', 'partial_parse': 'True', 'cache_selected_only': 'False', 'warn_error': 'None', 'debug': 'False', 'version_check': 'True', 'log_path': 'logs', 'fail_fast': 'False', 'profiles_dir': '/Users/linhnguyen/.dbt', 'use_colors': 'True', 'use_experimental_parser': 'False', 'no_print': 'None', 'quiet': 'False', 'warn_error_options': 'WarnErrorOptions(include=[], exclude=[])', 'introspect': 'True', 'log_format': 'default', 'static_parser': 'True', 'target_path': 'None', 'send_anonymous_usage_stats': 'True'}
[0m14:39:55.004091 [info ] [MainThread]: dbt version: 1.5.1
[0m14:39:55.004284 [info ] [MainThread]: python version: 3.10.0
[0m14:39:55.004519 [info ] [MainThread]: python path: /Library/Frameworks/Python.framework/Versions/3.10/bin/python3.10
[0m14:39:55.004706 [info ] [MainThread]: os info: macOS-13.4.1-arm64-arm-64bit
[0m14:39:55.004859 [info ] [MainThread]: Using profiles.yml file at /Users/linhnguyen/.dbt/profiles.yml
[0m14:39:55.005002 [info ] [MainThread]: Using dbt_project.yml file at /Users/linhnguyen/Demos/demo-basic-data-platform/dbt/dbt_project.yml
[0m14:39:55.005162 [info ] [MainThread]: Configuration:
[0m14:39:55.009364 [info ] [MainThread]: Error importing adapter: No module named 'dbt.adapters.snowflake'
[0m14:39:55.045075 [info ] [MainThread]:   profiles.yml file [[31mERROR invalid[0m]
[0m14:39:55.045337 [info ] [MainThread]:   dbt_project.yml file [[31mERROR not found[0m]
[0m14:39:55.045529 [info ] [MainThread]: Required dependencies:
[0m14:39:55.045743 [debug] [MainThread]: Executing "git --help"
[0m14:39:55.062290 [debug] [MainThread]: STDOUT: "b"usage: git [-v | --version] [-h | --help] [-C <path>] [-c <name>=<value>]\n           [--exec-path[=<path>]] [--html-path] [--man-path] [--info-path]\n           [-p | --paginate | -P | --no-pager] [--no-replace-objects] [--bare]\n           [--git-dir=<path>] [--work-tree=<path>] [--namespace=<name>]\n           [--super-prefix=<path>] [--config-env=<name>=<envvar>]\n           <command> [<args>]\n\nThese are common Git commands used in various situations:\n\nstart a working area (see also: git help tutorial)\n   clone     Clone a repository into a new directory\n   init      Create an empty Git repository or reinitialize an existing one\n\nwork on the current change (see also: git help everyday)\n   add       Add file contents to the index\n   mv        Move or rename a file, a directory, or a symlink\n   restore   Restore working tree files\n   rm        Remove files from the working tree and from the index\n\nexamine the history and state (see also: git help revisions)\n   bisect    Use binary search to find the commit that introduced a bug\n   diff      Show changes between commits, commit and working tree, etc\n   grep      Print lines matching a pattern\n   log       Show commit logs\n   show      Show various types of objects\n   status    Show the working tree status\n\ngrow, mark and tweak your common history\n   branch    List, create, or delete branches\n   commit    Record changes to the repository\n   merge     Join two or more development histories together\n   rebase    Reapply commits on top of another base tip\n   reset     Reset current HEAD to the specified state\n   switch    Switch branches\n   tag       Create, list, delete or verify a tag object signed with GPG\n\ncollaborate (see also: git help workflows)\n   fetch     Download objects and refs from another repository\n   pull      Fetch from and integrate with another repository or a local branch\n   push      Update remote refs along with associated objects\n\n'git help -a' and 'git help -g' list available subcommands and some\nconcept guides. See 'git help <command>' or 'git help <concept>'\nto read about a specific subcommand or concept.\nSee 'git help git' for an overview of the system.\n""
[0m14:39:55.062716 [debug] [MainThread]: STDERR: "b''"
[0m14:39:55.062864 [info ] [MainThread]:  - git [[32mOK found[0m]

[0m14:39:55.063070 [info ] [MainThread]: [31m2 checks failed:[0m
[0m14:39:55.063214 [info ] [MainThread]: Could not load dbt_project.yml

[0m14:39:55.063363 [info ] [MainThread]: Profile loading failed for the following reason:
Runtime Error
  Credentials in profile "dbtlearn", target "dev" invalid: Runtime Error
    Could not find adapter type snowflake!

Runtime Error
  Credentials in profile "jaffle_shop", target "dev" invalid: ['dbname'] is not of type 'string'

Runtime Error
  Credentials in profile "dbt_project_3", target "dev" invalid: ['dbname'] is not of type 'string'

Runtime Error
  Credentials in profile "test_dbt_project", target "dev" invalid: ['dbname'] is not of type 'string'


[0m14:39:55.063770 [debug] [MainThread]: Command `dbt debug` failed at 14:39:55.063707 after 0.08 seconds
[0m14:39:55.063980 [debug] [MainThread]: Sending event: {'category': 'dbt', 'action': 'invocation', 'label': 'end', 'context': [<snowplow_tracker.self_describing_json.SelfDescribingJson object at 0x104a0a2c0>, <snowplow_tracker.self_describing_json.SelfDescribingJson object at 0x104cf05e0>, <snowplow_tracker.self_describing_json.SelfDescribingJson object at 0x105f3ac20>]}
[0m14:39:55.064199 [debug] [MainThread]: Flushing usage events
[0m14:48:40.956870 [debug] [MainThread]: Sending event: {'category': 'dbt', 'action': 'invocation', 'label': 'start', 'context': [<snowplow_tracker.self_describing_json.SelfDescribingJson object at 0x1072ca260>, <snowplow_tracker.self_describing_json.SelfDescribingJson object at 0x1083e9db0>, <snowplow_tracker.self_describing_json.SelfDescribingJson object at 0x1083ea230>]}


============================== 14:48:40.959538 | 868d5dc6-3251-45a0-8c19-2c7079e758c9 ==============================
[0m14:48:40.959538 [info ] [MainThread]: Running with dbt=1.5.1
[0m14:48:40.959928 [debug] [MainThread]: running dbt with arguments {'printer_width': '80', 'indirect_selection': 'eager', 'write_json': 'True', 'log_cache_events': 'False', 'partial_parse': 'True', 'cache_selected_only': 'False', 'profiles_dir': '/Users/linhnguyen/.dbt', 'version_check': 'True', 'warn_error': 'None', 'log_path': 'logs', 'fail_fast': 'False', 'debug': 'False', 'use_colors': 'True', 'use_experimental_parser': 'False', 'no_print': 'None', 'quiet': 'False', 'warn_error_options': 'WarnErrorOptions(include=[], exclude=[])', 'static_parser': 'True', 'introspect': 'True', 'log_format': 'default', 'target_path': 'None', 'send_anonymous_usage_stats': 'True'}
[0m14:48:40.960270 [info ] [MainThread]: dbt version: 1.5.1
[0m14:48:40.960438 [info ] [MainThread]: python version: 3.10.0
[0m14:48:40.960588 [info ] [MainThread]: python path: /Library/Frameworks/Python.framework/Versions/3.10/bin/python3.10
[0m14:48:40.960725 [info ] [MainThread]: os info: macOS-13.4.1-arm64-arm-64bit
[0m14:48:40.960856 [info ] [MainThread]: Using profiles.yml file at /Users/linhnguyen/.dbt/profiles.yml
[0m14:48:40.961041 [info ] [MainThread]: Using dbt_project.yml file at /Users/linhnguyen/Demos/demo-basic-data-platform/dbt/dbt_project.yml
[0m14:48:40.961213 [info ] [MainThread]: Configuration:
[0m14:48:40.961698 [info ] [MainThread]:   profiles.yml file [[32mOK found and valid[0m]
[0m14:48:40.961884 [info ] [MainThread]:   dbt_project.yml file [[31mERROR not found[0m]
[0m14:48:40.962029 [info ] [MainThread]: Required dependencies:
[0m14:48:40.962257 [debug] [MainThread]: Executing "git --help"
[0m14:48:40.982177 [debug] [MainThread]: STDOUT: "b"usage: git [-v | --version] [-h | --help] [-C <path>] [-c <name>=<value>]\n           [--exec-path[=<path>]] [--html-path] [--man-path] [--info-path]\n           [-p | --paginate | -P | --no-pager] [--no-replace-objects] [--bare]\n           [--git-dir=<path>] [--work-tree=<path>] [--namespace=<name>]\n           [--super-prefix=<path>] [--config-env=<name>=<envvar>]\n           <command> [<args>]\n\nThese are common Git commands used in various situations:\n\nstart a working area (see also: git help tutorial)\n   clone     Clone a repository into a new directory\n   init      Create an empty Git repository or reinitialize an existing one\n\nwork on the current change (see also: git help everyday)\n   add       Add file contents to the index\n   mv        Move or rename a file, a directory, or a symlink\n   restore   Restore working tree files\n   rm        Remove files from the working tree and from the index\n\nexamine the history and state (see also: git help revisions)\n   bisect    Use binary search to find the commit that introduced a bug\n   diff      Show changes between commits, commit and working tree, etc\n   grep      Print lines matching a pattern\n   log       Show commit logs\n   show      Show various types of objects\n   status    Show the working tree status\n\ngrow, mark and tweak your common history\n   branch    List, create, or delete branches\n   commit    Record changes to the repository\n   merge     Join two or more development histories together\n   rebase    Reapply commits on top of another base tip\n   reset     Reset current HEAD to the specified state\n   switch    Switch branches\n   tag       Create, list, delete or verify a tag object signed with GPG\n\ncollaborate (see also: git help workflows)\n   fetch     Download objects and refs from another repository\n   pull      Fetch from and integrate with another repository or a local branch\n   push      Update remote refs along with associated objects\n\n'git help -a' and 'git help -g' list available subcommands and some\nconcept guides. See 'git help <command>' or 'git help <concept>'\nto read about a specific subcommand or concept.\nSee 'git help git' for an overview of the system.\n""
[0m14:48:40.982692 [debug] [MainThread]: STDERR: "b''"
[0m14:48:40.982856 [info ] [MainThread]:  - git [[32mOK found[0m]

[0m14:48:40.983046 [info ] [MainThread]: [31m0 checks failed:[0m
[0m14:48:40.983491 [debug] [MainThread]: Command `dbt debug` failed at 14:48:40.983426 after 0.04 seconds
[0m14:48:40.983707 [debug] [MainThread]: Sending event: {'category': 'dbt', 'action': 'invocation', 'label': 'end', 'context': [<snowplow_tracker.self_describing_json.SelfDescribingJson object at 0x1072ca260>, <snowplow_tracker.self_describing_json.SelfDescribingJson object at 0x1083e9db0>, <snowplow_tracker.self_describing_json.SelfDescribingJson object at 0x1083ea3b0>]}
[0m14:48:40.983933 [debug] [MainThread]: Flushing usage events
[0m14:49:12.136489 [debug] [MainThread]: Sending event: {'category': 'dbt', 'action': 'invocation', 'label': 'start', 'context': [<snowplow_tracker.self_describing_json.SelfDescribingJson object at 0x1045ae260>, <snowplow_tracker.self_describing_json.SelfDescribingJson object at 0x1056cddb0>, <snowplow_tracker.self_describing_json.SelfDescribingJson object at 0x1056ce230>]}


============================== 14:49:12.138937 | 45455cee-bc0b-4ce2-a905-ad814e077479 ==============================
[0m14:49:12.138937 [info ] [MainThread]: Running with dbt=1.5.1
[0m14:49:12.139241 [debug] [MainThread]: running dbt with arguments {'printer_width': '80', 'indirect_selection': 'eager', 'log_cache_events': 'False', 'write_json': 'True', 'partial_parse': 'True', 'cache_selected_only': 'False', 'profiles_dir': '/Users/linhnguyen/.dbt', 'fail_fast': 'False', 'debug': 'False', 'log_path': 'logs', 'version_check': 'True', 'warn_error': 'None', 'use_colors': 'True', 'use_experimental_parser': 'False', 'no_print': 'None', 'quiet': 'False', 'warn_error_options': 'WarnErrorOptions(include=[], exclude=[])', 'introspect': 'True', 'log_format': 'default', 'static_parser': 'True', 'target_path': 'None', 'send_anonymous_usage_stats': 'True'}
[0m14:49:12.139513 [info ] [MainThread]: dbt version: 1.5.1
[0m14:49:12.139687 [info ] [MainThread]: python version: 3.10.0
[0m14:49:12.139881 [info ] [MainThread]: python path: /Library/Frameworks/Python.framework/Versions/3.10/bin/python3.10
[0m14:49:12.140033 [info ] [MainThread]: os info: macOS-13.4.1-arm64-arm-64bit
[0m14:49:12.140231 [info ] [MainThread]: Using profiles.yml file at /Users/linhnguyen/.dbt/profiles.yml
[0m14:49:12.140414 [info ] [MainThread]: Using dbt_project.yml file at /Users/linhnguyen/Demos/demo-basic-data-platform/dbt/dbt_project.yml
[0m14:49:12.140554 [info ] [MainThread]: Configuration:
[0m14:49:12.140980 [info ] [MainThread]:   profiles.yml file [[32mOK found and valid[0m]
[0m14:49:12.141179 [info ] [MainThread]:   dbt_project.yml file [[31mERROR not found[0m]
[0m14:49:12.141364 [info ] [MainThread]: Required dependencies:
[0m14:49:12.141547 [debug] [MainThread]: Executing "git --help"
[0m14:49:12.151463 [debug] [MainThread]: STDOUT: "b"usage: git [-v | --version] [-h | --help] [-C <path>] [-c <name>=<value>]\n           [--exec-path[=<path>]] [--html-path] [--man-path] [--info-path]\n           [-p | --paginate | -P | --no-pager] [--no-replace-objects] [--bare]\n           [--git-dir=<path>] [--work-tree=<path>] [--namespace=<name>]\n           [--super-prefix=<path>] [--config-env=<name>=<envvar>]\n           <command> [<args>]\n\nThese are common Git commands used in various situations:\n\nstart a working area (see also: git help tutorial)\n   clone     Clone a repository into a new directory\n   init      Create an empty Git repository or reinitialize an existing one\n\nwork on the current change (see also: git help everyday)\n   add       Add file contents to the index\n   mv        Move or rename a file, a directory, or a symlink\n   restore   Restore working tree files\n   rm        Remove files from the working tree and from the index\n\nexamine the history and state (see also: git help revisions)\n   bisect    Use binary search to find the commit that introduced a bug\n   diff      Show changes between commits, commit and working tree, etc\n   grep      Print lines matching a pattern\n   log       Show commit logs\n   show      Show various types of objects\n   status    Show the working tree status\n\ngrow, mark and tweak your common history\n   branch    List, create, or delete branches\n   commit    Record changes to the repository\n   merge     Join two or more development histories together\n   rebase    Reapply commits on top of another base tip\n   reset     Reset current HEAD to the specified state\n   switch    Switch branches\n   tag       Create, list, delete or verify a tag object signed with GPG\n\ncollaborate (see also: git help workflows)\n   fetch     Download objects and refs from another repository\n   pull      Fetch from and integrate with another repository or a local branch\n   push      Update remote refs along with associated objects\n\n'git help -a' and 'git help -g' list available subcommands and some\nconcept guides. See 'git help <command>' or 'git help <concept>'\nto read about a specific subcommand or concept.\nSee 'git help git' for an overview of the system.\n""
[0m14:49:12.151920 [debug] [MainThread]: STDERR: "b''"
[0m14:49:12.152056 [info ] [MainThread]:  - git [[32mOK found[0m]

[0m14:49:12.152231 [info ] [MainThread]: [31m0 checks failed:[0m
[0m14:49:12.152586 [debug] [MainThread]: Command `dbt debug` failed at 14:49:12.152525 after 0.03 seconds
[0m14:49:12.152794 [debug] [MainThread]: Sending event: {'category': 'dbt', 'action': 'invocation', 'label': 'end', 'context': [<snowplow_tracker.self_describing_json.SelfDescribingJson object at 0x1045ae260>, <snowplow_tracker.self_describing_json.SelfDescribingJson object at 0x1056cddb0>, <snowplow_tracker.self_describing_json.SelfDescribingJson object at 0x1056ce3b0>]}
[0m14:49:12.152983 [debug] [MainThread]: Flushing usage events
[0m14:49:16.500212 [debug] [MainThread]: Sending event: {'category': 'dbt', 'action': 'invocation', 'label': 'start', 'context': [<snowplow_tracker.self_describing_json.SelfDescribingJson object at 0x104fa22c0>, <snowplow_tracker.self_describing_json.SelfDescribingJson object at 0x1060c1ed0>, <snowplow_tracker.self_describing_json.SelfDescribingJson object at 0x1060c2350>]}


============================== 14:49:16.501980 | 97f2bfb8-1588-429e-b42a-9ee955dce1ce ==============================
[0m14:49:16.501980 [info ] [MainThread]: Running with dbt=1.5.1
[0m14:49:16.502266 [debug] [MainThread]: running dbt with arguments {'printer_width': '80', 'indirect_selection': 'eager', 'write_json': 'True', 'log_cache_events': 'False', 'partial_parse': 'True', 'cache_selected_only': 'False', 'profiles_dir': '/Users/linhnguyen/.dbt', 'fail_fast': 'False', 'debug': 'False', 'log_path': 'logs', 'warn_error': 'None', 'version_check': 'True', 'use_colors': 'True', 'use_experimental_parser': 'False', 'no_print': 'None', 'quiet': 'False', 'warn_error_options': 'WarnErrorOptions(include=[], exclude=[])', 'static_parser': 'True', 'log_format': 'default', 'introspect': 'True', 'target_path': 'None', 'send_anonymous_usage_stats': 'True'}
[0m14:49:16.502514 [error] [MainThread]: Encountered an error:
Runtime Error
  No dbt_project.yml found at expected path /Users/linhnguyen/Demos/demo-basic-data-platform/dbt/dbt_project.yml
  Verify that each entry within packages.yml (and their transitive dependencies) contains a file named dbt_project.yml
  
[0m14:49:16.502854 [debug] [MainThread]: Command `dbt run` failed at 14:49:16.502799 after 0.01 seconds
[0m14:49:16.503005 [debug] [MainThread]: Sending event: {'category': 'dbt', 'action': 'invocation', 'label': 'end', 'context': [<snowplow_tracker.self_describing_json.SelfDescribingJson object at 0x104fa22c0>, <snowplow_tracker.self_describing_json.SelfDescribingJson object at 0x1060c22c0>, <snowplow_tracker.self_describing_json.SelfDescribingJson object at 0x1060c2590>]}
[0m14:49:16.503158 [debug] [MainThread]: Flushing usage events
[0m14:50:35.516815 [debug] [MainThread]: Sending event: {'category': 'dbt', 'action': 'invocation', 'label': 'start', 'context': [<snowplow_tracker.self_describing_json.SelfDescribingJson object at 0x104a76290>, <snowplow_tracker.self_describing_json.SelfDescribingJson object at 0x105b95f30>, <snowplow_tracker.self_describing_json.SelfDescribingJson object at 0x105b963b0>]}


============================== 14:50:35.519219 | 48693200-9b3f-42ff-87c0-53e2a1996667 ==============================
[0m14:50:35.519219 [info ] [MainThread]: Running with dbt=1.5.1
[0m14:50:35.519600 [debug] [MainThread]: running dbt with arguments {'printer_width': '80', 'indirect_selection': 'eager', 'write_json': 'True', 'log_cache_events': 'False', 'partial_parse': 'True', 'cache_selected_only': 'False', 'warn_error': 'None', 'debug': 'False', 'version_check': 'True', 'log_path': 'logs', 'fail_fast': 'False', 'profiles_dir': '/Users/linhnguyen/.dbt', 'use_colors': 'True', 'use_experimental_parser': 'False', 'no_print': 'None', 'quiet': 'False', 'log_format': 'default', 'introspect': 'True', 'static_parser': 'True', 'warn_error_options': 'WarnErrorOptions(include=[], exclude=[])', 'target_path': 'None', 'send_anonymous_usage_stats': 'True'}
[0m14:50:35.519923 [error] [MainThread]: Encountered an error:
Runtime Error
  No dbt_project.yml found at expected path /Users/linhnguyen/Demos/demo-basic-data-platform/dbt/dbt_project.yml
  Verify that each entry within packages.yml (and their transitive dependencies) contains a file named dbt_project.yml
  
[0m14:50:35.520326 [debug] [MainThread]: Command `dbt build` failed at 14:50:35.520260 after 0.02 seconds
[0m14:50:35.520501 [debug] [MainThread]: Sending event: {'category': 'dbt', 'action': 'invocation', 'label': 'end', 'context': [<snowplow_tracker.self_describing_json.SelfDescribingJson object at 0x104a76290>, <snowplow_tracker.self_describing_json.SelfDescribingJson object at 0x105b96320>, <snowplow_tracker.self_describing_json.SelfDescribingJson object at 0x105b965f0>]}
[0m14:50:35.520655 [debug] [MainThread]: Flushing usage events
